 ------ -------------------------------------------------------- 
  Line   src/Example.php                                         
 ------ -------------------------------------------------------- 
  :35    Call to an undefined method Spatie\Async\Task::then().  
  :56    Call to an undefined method Spatie\Async\Task::then().  
  :244   Cannot access offset 'location' on mixed.               
 ------ -------------------------------------------------------- 

 ------ --------------------------------------------------------------------------------------------------------------------------------------------------- 
  Line   src/HFServerless.php                                                                                                                               
 ------ --------------------------------------------------------------------------------------------------------------------------------------------------- 
  :61    Call to an undefined method Spatie\Async\Pool::task().                                                                                             
  :91    Method App\HFServerless\HFServerless::automaticSpeechRecognition() has parameter $parameters with no value type specified in iterable type array.  
         💡 See: https://phpstan.org/blog/solving-phpstan-no-value-type-specified-in-iterable-type                                                          
  :91    Method App\HFServerless\HFServerless::automaticSpeechRecognition() return type has no value type specified in iterable type array.                 
         💡 See: https://phpstan.org/blog/solving-phpstan-no-value-type-specified-in-iterable-type                                                          
  :121   Method App\HFServerless\HFServerless::chatCompletion() has parameter $messages with no value type specified in iterable type array.                
         💡 See: https://phpstan.org/blog/solving-phpstan-no-value-type-specified-in-iterable-type                                                          
  :121   Method App\HFServerless\HFServerless::chatCompletion() has parameter $parameters with no value type specified in iterable type array.              
         💡 See: https://phpstan.org/blog/solving-phpstan-no-value-type-specified-in-iterable-type                                                          
  :121   Method App\HFServerless\HFServerless::chatCompletion() has parameter $tools with no value type specified in iterable type array.                   
         💡 See: https://phpstan.org/blog/solving-phpstan-no-value-type-specified-in-iterable-type                                                          
  :121   Method App\HFServerless\HFServerless::chatCompletion() return type has no value type specified in iterable type array.                             
         💡 See: https://phpstan.org/blog/solving-phpstan-no-value-type-specified-in-iterable-type                                                          
  :121   Method App\HFServerless\HFServerless::chatCompletion() return type has no value type specified in iterable type array|Generator.                   
         💡 See: https://phpstan.org/blog/solving-phpstan-no-value-type-specified-in-iterable-type                                                          
  :195   Call to an undefined method Spatie\Async\Pool::task().                                                                                             
  :200   Method App\HFServerless\HFServerless::featureExtraction() has parameter $parameters with no value type specified in iterable type array.           
         💡 See: https://phpstan.org/blog/solving-phpstan-no-value-type-specified-in-iterable-type                                                          
  :200   Method App\HFServerless\HFServerless::featureExtraction() return type has no value type specified in iterable type array.                          
         💡 See: https://phpstan.org/blog/solving-phpstan-no-value-type-specified-in-iterable-type                                                          
  :225   Method App\HFServerless\HFServerless::imageClassification() has parameter $parameters with no value type specified in iterable type array.         
         💡 See: https://phpstan.org/blog/solving-phpstan-no-value-type-specified-in-iterable-type                                                          
  :225   Method App\HFServerless\HFServerless::imageClassification() return type has no value type specified in iterable type array.                        
         💡 See: https://phpstan.org/blog/solving-phpstan-no-value-type-specified-in-iterable-type                                                          
  :255   Method App\HFServerless\HFServerless::imageToImage() has parameter $parameters with no value type specified in iterable type array.                
         💡 See: https://phpstan.org/blog/solving-phpstan-no-value-type-specified-in-iterable-type                                                          
  :290   Method App\HFServerless\HFServerless::objectDetection() has parameter $parameters with no value type specified in iterable type array.             
         💡 See: https://phpstan.org/blog/solving-phpstan-no-value-type-specified-in-iterable-type                                                          
  :290   Method App\HFServerless\HFServerless::objectDetection() return type has no value type specified in iterable type array.                            
         💡 See: https://phpstan.org/blog/solving-phpstan-no-value-type-specified-in-iterable-type                                                          
  :320   Method App\HFServerless\HFServerless::questionAnswering() has parameter $parameters with no value type specified in iterable type array.           
         💡 See: https://phpstan.org/blog/solving-phpstan-no-value-type-specified-in-iterable-type                                                          
  :320   Method App\HFServerless\HFServerless::questionAnswering() return type has no value type specified in iterable type array.                          
         💡 See: https://phpstan.org/blog/solving-phpstan-no-value-type-specified-in-iterable-type                                                          
  :348   Method App\HFServerless\HFServerless::summarization() has parameter $parameters with no value type specified in iterable type array.               
         💡 See: https://phpstan.org/blog/solving-phpstan-no-value-type-specified-in-iterable-type                                                          
  :348   Method App\HFServerless\HFServerless::summarization() return type has no value type specified in iterable type array.                              
         💡 See: https://phpstan.org/blog/solving-phpstan-no-value-type-specified-in-iterable-type                                                          
  :373   Method App\HFServerless\HFServerless::textToImage() has parameter $parameters with no value type specified in iterable type array.                 
         💡 See: https://phpstan.org/blog/solving-phpstan-no-value-type-specified-in-iterable-type                                                          
  :401   Method App\HFServerless\HFServerless::prepareHeaders() return type has no value type specified in iterable type array.                             
         💡 See: https://phpstan.org/blog/solving-phpstan-no-value-type-specified-in-iterable-type                                                          
  :419   Method App\HFServerless\HFServerless::makeRequest() has parameter $data with no value type specified in iterable type array.                       
         💡 See: https://phpstan.org/blog/solving-phpstan-no-value-type-specified-in-iterable-type                                                          
  :419   Method App\HFServerless\HFServerless::makeRequest() has parameter $headers with no value type specified in iterable type array.                    
         💡 See: https://phpstan.org/blog/solving-phpstan-no-value-type-specified-in-iterable-type                                                          
  :419   Method App\HFServerless\HFServerless::makeRequest() has parameter $query with no value type specified in iterable type array.                      
         💡 See: https://phpstan.org/blog/solving-phpstan-no-value-type-specified-in-iterable-type                                                          
  :419   Method App\HFServerless\HFServerless::makeRequest() return type has no value type specified in iterable type array.                                
         💡 See: https://phpstan.org/blog/solving-phpstan-no-value-type-specified-in-iterable-type                                                          
  :436   Method App\HFServerless\HFServerless::makeRequest() should return array but returns mixed.                                                         
  :442   Method App\HFServerless\HFServerless::makeMultipartRequest() has parameter $headers with no value type specified in iterable type array.           
         💡 See: https://phpstan.org/blog/solving-phpstan-no-value-type-specified-in-iterable-type                                                          
  :442   Method App\HFServerless\HFServerless::makeMultipartRequest() has parameter $multipart with no value type specified in iterable type array.         
         💡 See: https://phpstan.org/blog/solving-phpstan-no-value-type-specified-in-iterable-type                                                          
  :442   Method App\HFServerless\HFServerless::makeMultipartRequest() return type has no value type specified in iterable type array.                       
         💡 See: https://phpstan.org/blog/solving-phpstan-no-value-type-specified-in-iterable-type                                                          
  :458   Method App\HFServerless\HFServerless::makeMultipartRequest() should return array but returns mixed.                                                
  :464   Method App\HFServerless\HFServerless::streamResponse() has parameter $data with no value type specified in iterable type array.                    
         💡 See: https://phpstan.org/blog/solving-phpstan-no-value-type-specified-in-iterable-type                                                          
  :464   Method App\HFServerless\HFServerless::streamResponse() has parameter $headers with no value type specified in iterable type array.                 
         💡 See: https://phpstan.org/blog/solving-phpstan-no-value-type-specified-in-iterable-type                                                          
  :479   Parameter #1 $response of method App\HFServerless\HFServerless::formatChatCompletionResponse() expects array, mixed given.                         
  :485   Method App\HFServerless\HFServerless::formatChatCompletionResponse() has parameter $response with no value type specified in iterable type array.  
         💡 See: https://phpstan.org/blog/solving-phpstan-no-value-type-specified-in-iterable-type                                                          
  :485   Method App\HFServerless\HFServerless::formatChatCompletionResponse() return type has no value type specified in iterable type array.               
         💡 See: https://phpstan.org/blog/solving-phpstan-no-value-type-specified-in-iterable-type                                                          
 ------ --------------------------------------------------------------------------------------------------------------------------------------------------- 

 ------ ----------------------------------------------------------------------------------------------------------------------------------------------------- 
  Line   tests/HFServerlessTest.php                                                                                                                           
 ------ ----------------------------------------------------------------------------------------------------------------------------------------------------- 
  :32    Parameter #3 $body of class GuzzleHttp\Psr7\Response constructor expects Psr\Http\Message\StreamInterface|resource|string|null, string|false given.  
  :45    Parameter #3 $body of class GuzzleHttp\Psr7\Response constructor expects Psr\Http\Message\StreamInterface|resource|string|null, string|false given.  
  :60    Parameter #3 $body of class GuzzleHttp\Psr7\Response constructor expects Psr\Http\Message\StreamInterface|resource|string|null, string|false given.  
  :73    Parameter #3 $body of class GuzzleHttp\Psr7\Response constructor expects Psr\Http\Message\StreamInterface|resource|string|null, string|false given.  
  :96    Parameter #3 $body of class GuzzleHttp\Psr7\Response constructor expects Psr\Http\Message\StreamInterface|resource|string|null, string|false given.  
  :110   Parameter #3 $body of class GuzzleHttp\Psr7\Response constructor expects Psr\Http\Message\StreamInterface|resource|string|null, string|false given.  
  :135   Parameter #3 $body of class GuzzleHttp\Psr7\Response constructor expects Psr\Http\Message\StreamInterface|resource|string|null, string|false given.  
  :154   Parameter #3 $body of class GuzzleHttp\Psr7\Response constructor expects Psr\Http\Message\StreamInterface|resource|string|null, string|false given.  
  :170   Parameter #3 $body of class GuzzleHttp\Psr7\Response constructor expects Psr\Http\Message\StreamInterface|resource|string|null, string|false given.  
  :193   Parameter #3 $body of class GuzzleHttp\Psr7\Response constructor expects Psr\Http\Message\StreamInterface|resource|string|null, string|false given.  
  :200   Call to an undefined method Spatie\Async\Task::then().                                                                                               
  :215   Parameter #3 $body of class GuzzleHttp\Psr7\Response constructor expects Psr\Http\Message\StreamInterface|resource|string|null, string|false given.  
  :230   Call to an undefined method Spatie\Async\Task::then().                                                                                               
  :257   Parameter #3 $body of class GuzzleHttp\Psr7\Response constructor expects Psr\Http\Message\StreamInterface|resource|string|null, string|false given.  
 ------ ----------------------------------------------------------------------------------------------------------------------------------------------------- 

 [ERROR] Found 53 errors                                                                                                

